<?xml version="1.0" encoding="UTF-8"?>
<testsuite xmlns:xsi="http://www.w3.org/2001/XMLSchema-instance" xsi:noNamespaceSchemaLocation="https://maven.apache.org/surefire/maven-surefire-plugin/xsd/surefire-test-report-3.0.xsd" version="3.0" name="testrunner.TestRunner" time="9.513" tests="1" errors="0" skipped="0" failures="1">
  <properties>
[...]
</properties>
  <testcase name="Feature - Scenario" classname="Feature" time="8.981">
    <failure message="expected: &lt;Home&gt; but was: &lt;ChasmaNOVO&gt;" type="org.opentest4j.AssertionFailedError"><![CDATA[org.opentest4j.AssertionFailedError: expected: <Home> but was: <ChasmaNOVO>
	at stepdefinitions.LoginSteps.user_will_redirects_to_tab(LoginSteps.java:69)
	at ✽.user will redirects to "Home" tab(classpath:testscripts/regression/Loginvalidation.feature:12)
]]></failure>
    <system-out><![CDATA[
Scenario:                                                                                                          &amp#27;[90m# testscripts/regression/Loginvalidation.feature:4&amp#27;[0m
  &amp#27;[32mGiven &amp#27;[0m&amp#27;[32muser starts &amp#27;[0m&amp#27;[32m&amp#27;[1m"chrome"&amp#27;[0m&amp#27;[32m browser&amp#27;[0m                                                                               &amp#27;[90m# stepdefinitions.LoginSteps.user_starts_browser(java.lang.String)&amp#27;[0m
  &amp#27;[32mAnd &amp#27;[0m&amp#27;[32muser launched the application URL &amp#27;[0m&amp#27;[32m&amp#27;[1m"https://chasma-novo-dev.azurewebsites.net/"&amp#27;[0m                               &amp#27;[90m# stepdefinitions.LoginSteps.user_launched_the_application_url(java.lang.String)&amp#27;[0m
  &amp#27;[32mWhen &amp#27;[0m&amp#27;[32muser enters username &amp#27;[0m&amp#27;[32m&amp#27;[1m"bdatla@pixentia.com"&amp#27;[0m&amp#27;[32m in text field using xpath &amp#27;[0m&amp#27;[32m&amp#27;[1m"//input[@formcontrolname='username']"&amp#27;[0m &amp#27;[90m# stepdefinitions.LoginSteps.user_enters_username_in_text_field_using_xpath(java.lang.String,java.lang.String)&amp#27;[0m
  &amp#27;[32mAnd &amp#27;[0m&amp#27;[32muser enters password &amp#27;[0m&amp#27;[32m&amp#27;[1m"Test123$"&amp#27;[0m&amp#27;[32m in text field using xpath &amp#27;[0m&amp#27;[32m&amp#27;[1m"//input[@formcontrolname='password']"&amp#27;[0m             &amp#27;[90m# stepdefinitions.LoginSteps.user_enters_password_in_text_field_using_xpath(java.lang.String,java.lang.String)&amp#27;[0m
  &amp#27;[32mAnd &amp#27;[0m&amp#27;[32muser clicks on the login button using xpath &amp#27;[0m&amp#27;[32m&amp#27;[1m"//button[@type='submit']"&amp#27;[0m                                       &amp#27;[90m# stepdefinitions.LoginSteps.user_clicks_on_the_login_button_using_xpath(java.lang.String)&amp#27;[0m
  &amp#27;[31mThen &amp#27;[0m&amp#27;[31muser will redirects to &amp#27;[0m&amp#27;[31m&amp#27;[1m"Home"&amp#27;[0m&amp#27;[31m tab&amp#27;[0m                                                                           &amp#27;[90m# stepdefinitions.LoginSteps.user_will_redirects_to_tab(java.lang.String)&amp#27;[0m
      &amp#27;[31morg.opentest4j.AssertionFailedError: expected: <Home> but was: <ChasmaNOVO>
	at org.junit.jupiter.api.AssertionFailureBuilder.build(AssertionFailureBuilder.java:151)
	at org.junit.jupiter.api.AssertionFailureBuilder.buildAndThrow(AssertionFailureBuilder.java:132)
	at org.junit.jupiter.api.AssertEquals.failNotEqual(AssertEquals.java:197)
	at org.junit.jupiter.api.AssertEquals.assertEquals(AssertEquals.java:182)
	at org.junit.jupiter.api.AssertEquals.assertEquals(AssertEquals.java:177)
	at org.junit.jupiter.api.Assertions.assertEquals(Assertions.java:1145)
	at stepdefinitions.LoginSteps.user_will_redirects_to_tab(LoginSteps.java:69)
	at âœ½.user will redirects to "Home" tab(classpath:testscripts/regression/Loginvalidation.feature:12)
&amp#27;[0m
]]></system-out>
    <system-err><![CDATA[Dec 05, 2025 5:18:15 PM org.openqa.selenium.devtools.CdpVersionFinder findNearestMatch
WARNING: Unable to find CDP implementation matching 142
Dec 05, 2025 5:18:15 PM org.openqa.selenium.chromium.ChromiumDriver lambda$new$5
WARNING: Unable to find version of CDP to use for 142.0.7444.176. You may need to include a dependency on a specific version of the CDP using something similar to `org.seleniumhq.selenium:selenium-devtools-v86:4.25.0` where the version ("v86") matches the version of the chromium-based browser you're using and the version number of the artifact is the same as Selenium's.
]]></system-err>
  </testcase>
</testsuite>